<?xml version="1.0" encoding="UTF-8"?>
<!-- Generated by org.testng.reporters.JUnitXMLReporter -->
<testsuite ignored="0" hostname="MT-31195758H" failures="0" tests="3" name="Test" time="267.529" errors="0" timestamp="2021-11-19T21:11:23 IST">
  <testcase classname="eazydiner.HelpTc" name="testHelpTC" time="54.463"/>
  <testcase classname="eazydiner.LocationFilter" name="testLocationFilter" time="73.212"/>
  <testcase classname="eazydiner.Delivery" name="testDeliveryFunctionality" time="139.805"/>
</testsuite> <!-- Test -->
